{
  "RSpec": {
    "coverage": {
      "/home/adept-attribute-6370/tic-tac-toe-rb-ruby-intro-000/lib/tic_tac_toe.rb": [
        null,
        1,
        null,
        null,
        null,
        null,
        null,
        null,
        null,
        null,
        null,
        1,
        5,
        5,
        5,
        5,
        5,
        null,
        null,
        1,
        6,
        null,
        null,
        1,
        3,
        null,
        null,
        1,
        8,
        5,
        3,
        0,
        null,
        3,
        null,
        null,
        null,
        1,
        6,
        3,
        null,
        null,
        null,
        null,
        1,
        4,
        4,
        18,
        5,
        null,
        null,
        2,
        null,
        null,
        1,
        3,
        1,
        1,
        null,
        0,
        null,
        null,
        null,
        1,
        3,
        3,
        3,
        3,
        2,
        0,
        null,
        1,
        null,
        null,
        null,
        null,
        null,
        null,
        1,
        14,
        101,
        101,
        101,
        null,
        101,
        101,
        101,
        null,
        101,
        5,
        96,
        1,
        null,
        null,
        8,
        null,
        null,
        1,
        7,
        42,
        null,
        null,
        null,
        1,
        7,
        3,
        null,
        4,
        null,
        null,
        null,
        1,
        3,
        null,
        null,
        1,
        3,
        3,
        3,
        null,
        null,
        2,
        1,
        null,
        1,
        null,
        null,
        null,
        null,
        1,
        12,
        12,
        null
      ]
    },
    "timestamp": 1603209399
  }
}
