{
  "RSpec": {
    "coverage": {
      "/home/adept-attribute-6370/tic-tac-toe-rb-ruby-intro-000/lib/tic_tac_toe.rb": [
        null,
        1,
        null,
        null,
        null,
        null,
        null,
        null,
        null,
        null,
        null,
        1,
        24,
        24,
        24,
        24,
        24,
        null,
        null,
        1,
        23,
        null,
        null,
        1,
        22,
        null,
        null,
        1,
        25,
        22,
        3,
        0,
        null,
        3,
        null,
        null,
        null,
        1,
        23,
        20,
        null,
        null,
        null,
        null,
        1,
        21,
        21,
        189,
        31,
        null,
        null,
        21,
        null,
        null,
        1,
        20,
        20,
        14,
        null,
        6,
        null,
        null,
        null,
        1,
        23,
        23,
        20,
        20,
        20,
        19,
        19,
        null,
        1,
        null,
        null,
        null,
        1,
        52,
        386,
        386,
        386,
        null,
        386,
        386,
        386,
        null,
        386,
        8,
        378,
        2,
        null,
        null,
        42,
        null,
        null,
        1,
        33,
        150,
        null,
        null,
        null,
        1,
        23,
        7,
        null,
        16,
        null,
        null,
        null,
        1,
        21,
        null,
        null,
        1,
        3,
        3,
        3,
        null,
        null,
        2,
        1,
        null,
        1,
        null,
        null,
        null,
        null,
        1,
        12,
        21,
        null,
        null,
        8,
        1,
        7,
        3,
        null,
        null,
        null
      ]
    },
    "timestamp": 1603212054
  }
}
